<?xml version="1.0" encoding="UTF-8"?>
<!-- Generated by org.testng.reporters.JUnitReportReporter -->
<testsuite hostname="DESKTOP-LCFNQTV" failures="0" tests="1" name="payment.Testing" time="0.009" errors="0" timestamp="2023-08-31T11:00:48 IST" skipped="0">
  <testcase classname="payment.Testing" name="test1" time="0.009"/>
</testsuite> <!-- payment.Testing -->
