<?xml version="1.0" encoding="UTF-8"?>
<!-- Generated by org.testng.reporters.JUnitReportReporter -->
<testsuite hostname="DESKTOP-LCFNQTV" failures="0" tests="4" name="additionalAnnotations.DataProviderConcept" time="0.009" errors="0" timestamp="2023-09-14T11:03:47 IST" skipped="0">
  <testcase classname="additionalAnnotations.DataProviderConcept" name="loginTest" time="0.001"/>
  <testcase classname="additionalAnnotations.DataProviderConcept" name="loginTest" time="0.006"/>
  <testcase classname="additionalAnnotations.DataProviderConcept" name="loginTest" time="0.001"/>
  <testcase classname="additionalAnnotations.DataProviderConcept" name="loginTest" time="0.001"/>
</testsuite> <!-- additionalAnnotations.DataProviderConcept -->
